        {
            "attributes": {
                "type_description": "ZIP",
                "tlsh": "T1341833C197B1EB8FC078A156BD443150B586D6F1812FD9AD0AF01E68B6C3BD8C523B9E",
                "vhash": "fa223c10834b0d2fde060a051f2d0809",
                "type_tags": [
                    "compressed",
                    "zip"
                ],
                "names": [
                    "o.zip"
                ],
                "last_modification_date": 1686029972,
                "type_tag": "zip",
                "times_submitted": 1,
                "total_votes": {
                    "harmless": 0,
                    "malicious": 0
                },
                "size": 87429915,
                "type_extension": "zip",
                "last_submission_date": 1684859508,
                "sigma_analysis_results": [
                    {
                        "rule_title": "Password Protected Compressed File Extraction Via 7Zip",
                        "rule_source": "Sigma Integrated Rule Set (GitHub)",
                        "match_context": [
                            {
                                "values": {
                                    "TerminalSessionId": "1",
                                    "ProcessGuid": "{C784477D-EAE8-646C-4F06-000000003400}",
                                    "ProcessId": "7452",
                                    "Product": "7-Zip",
                                    "Description": "7-Zip Console",
                                    "Company": "Igor Pavlov",
                                    "ParentProcessGuid": "{C784477D-EAE7-646C-4D06-000000003400}",
                                    "User": "DESKTOP-B0T93D6\\george",
                                    "Hashes": "MD5=77E556CDFDC5C592F5C46DB4127C6F4C,SHA256=034ECA579F68B44F8F41294D8C9DAC96F032C57DEE0877095DA47913060DFF84,IMPHASH=6D26C857784EEA32AC92DCB74E598644",
                                    "OriginalFileName": "7z.exe",
                                    "ParentImage": "C:\\Windows\\SysWOW64\\unarchiver.exe",
                                    "FileVersion": "18.05",
                                    "ParentProcessId": "4056",
                                    "CurrentDirectory": "C:\\Users\\george\\Desktop\\",
                                    "CommandLine": "\"C:\\Windows\\System32\\7za.exe\" x -pinfected -y -o\"C:\\Users\\george\\AppData\\Local\\Temp\\tmlvs4ki.na3\" \"C:\\Users\\george\\Desktop\\o.zip\"",
                                    "EventID": "1",
                                    "LogonGuid": "C784477D-6F1A-6442-B8CA-030000000000",
                                    "LogonId": "248504",
                                    "Image": "C:\\Windows\\SysWOW64\\7za.exe",
                                    "IntegrityLevel": "High",
                                    "ParentCommandLine": "\"C:\\Windows\\SysWOW64\\unarchiver.exe\" \"C:\\Users\\george\\Desktop\\o.zip\"",
                                    "UtcTime": "1684859624",
                                    "RuleName": "-"
                                }
                            }
                        ],
                        "rule_level": "medium",
                        "rule_description": "Detects usage of 7zip utilities (7z.exe, 7za.exe and 7zr.exe) to extract password protected zip files.",
                        "rule_author": "Nasreddine Bencherchali (Nextron Systems)",
                        "rule_id": "22e867c244280c1d01bcddc8355c10d82b6c69577cd784cefbbe4eb5e7a82f65"
                    },
                    {
                        "rule_title": "Creation of an Executable by an Executable",
                        "rule_source": "Sigma Integrated Rule Set (GitHub)",
                        "match_context": [
                            {
                                "values": {
                                    "EventID": "11",
                                    "ProcessId": "7452",
                                    "TargetFilename": "C:\\Users\\george\\AppData\\Local\\Temp\\tmlvs4ki.na3\\temp\\AggregatorHost.exe",
                                    "ProcessGuid": "{C784477D-EAE8-646C-4F06-000000003400}",
                                    "CreationUtcTime": "1684859624",
                                    "UtcTime": "1684859624",
                                    "RuleName": "EXE",
                                    "Image": "C:\\Windows\\SysWOW64\\7za.exe"
                                }
                            },
                            {
                                "values": {
                                    "EventID": "11",
                                    "ProcessId": "7452",
                                    "TargetFilename": "C:\\Users\\george\\AppData\\Local\\Temp\\tmlvs4ki.na3\\temp\\ApplicationFrameHost.exe",
                                    "RuleName": "EXE",
                                    "CreationUtcTime": "1684859624",
                                    "UtcTime": "1684859624",
                                    "ProcessGuid": "{C784477D-EAE8-646C-4F06-000000003400}",
                                    "Image": "C:\\Windows\\SysWOW64\\7za.exe"
                                }
                            },
                            {
                                "values": {
                                    "EventID": "11",
                                    "ProcessId": "7452",
                                    "TargetFilename": "C:\\Users\\george\\AppData\\Local\\Temp\\tmlvs4ki.na3\\temp\\armsvc.exe",
                                    "ProcessGuid": "{C784477D-EAE8-646C-4F06-000000003400}",
                                    "CreationUtcTime": "1684859624",
                                    "UtcTime": "1684859624",
                                    "RuleName": "EXE",
                                    "Image": "C:\\Windows\\SysWOW64\\7za.exe"
                                }
                            },
                            {
                                "values": {
                                    "EventID": "11",
                                    "ProcessId": "7452",
                                    "TargetFilename": "C:\\Users\\george\\AppData\\Local\\Temp\\tmlvs4ki.na3\\temp\\backgroundTaskHost.exe",
                                    "ProcessGuid": "{C784477D-EAE8-646C-4F06-000000003400}",
                                    "CreationUtcTime": "1684859624",
                                    "UtcTime": "1684859624",
                                    "RuleName": "EXE",
                                    "Image": "C:\\Windows\\SysWOW64\\7za.exe"
                                }
                            },
                            {
                                "values": {
                                    "EventID": "11",
                                    "ProcessId": "7452",
                                    "TargetFilename": "C:\\Users\\george\\AppData\\Local\\Temp\\tmlvs4ki.na3\\temp\\CCleaner64.exe",
                                    "RuleName": "EXE",
                                    "CreationUtcTime": "1684859624",
                                    "UtcTime": "1684859624",
                                    "ProcessGuid": "{C784477D-EAE8-646C-4F06-000000003400}",
                                    "Image": "C:\\Windows\\SysWOW64\\7za.exe"
                                }
                            },
                            {
                                "values": {
                                    "EventID": "11",
                                    "ProcessId": "7452",
                                    "TargetFilename": "C:\\Users\\george\\AppData\\Local\\Temp\\tmlvs4ki.na3\\temp\\conhost.exe",
                                    "ProcessGuid": "{C784477D-EAE8-646C-4F06-000000003400}",
                                    "CreationUtcTime": "1684859626",
                                    "UtcTime": "1684859626",
                                    "RuleName": "EXE",
                                    "Image": "C:\\Windows\\SysWOW64\\7za.exe"
                                }
                            },
                            {
                                "values": {
                                    "EventID": "11",
                                    "ProcessId": "7452",
                                    "TargetFilename": "C:\\Users\\george\\AppData\\Local\\Temp\\tmlvs4ki.na3\\temp\\ctfmon.exe",
                                    "ProcessGuid": "{C784477D-EAE8-646C-4F06-000000003400}",
                                    "CreationUtcTime": "1684859626",
                                    "UtcTime": "1684859626",
                                    "RuleName": "EXE",
                                    "Image": "C:\\Windows\\SysWOW64\\7za.exe"
                                }
                            },
                            {
                                "values": {
                                    "EventID": "11",
                                    "ProcessId": "7452",
                                    "TargetFilename": "C:\\Users\\george\\AppData\\Local\\Temp\\tmlvs4ki.na3\\temp\\DllHost.exe",
                                    "ProcessGuid": "{C784477D-EAE8-646C-4F06-000000003400}",
                                    "CreationUtcTime": "1684859626",
                                    "UtcTime": "1684859626",
                                    "RuleName": "EXE",
                                    "Image": "C:\\Windows\\SysWOW64\\7za.exe"
                                }
                            },
                            {
                                "values": {
                                    "EventID": "11",
                                    "ProcessId": "7452",
                                    "TargetFilename": "C:\\Users\\george\\AppData\\Local\\Temp\\tmlvs4ki.na3\\temp\\dwm.exe",
                                    "RuleName": "EXE",
                                    "CreationUtcTime": "1684859627",
                                    "UtcTime": "1684859627",
                                    "ProcessGuid": "{C784477D-EAE8-646C-4F06-000000003400}",
                                    "Image": "C:\\Windows\\SysWOW64\\7za.exe"
                                }
                            },
                            {
                                "values": {
                                    "EventID": "11",
                                    "ProcessId": "7452",
                                    "TargetFilename": "C:\\Users\\george\\AppData\\Local\\Temp\\tmlvs4ki.na3\\temp\\esif_uf.exe",
                                    "ProcessGuid": "{C784477D-EAE8-646C-4F06-000000003400}",
                                    "CreationUtcTime": "1684859627",
                                    "UtcTime": "1684859627",
                                    "RuleName": "EXE",
                                    "Image": "C:\\Windows\\SysWOW64\\7za.exe"
                                }
                            },
                            {
                                "values": {
                                    "EventID": "11",
                                    "ProcessId": "7452",
                                    "TargetFilename": "C:\\Users\\george\\AppData\\Local\\Temp\\tmlvs4ki.na3\\temp\\Explorer.EXE",
                                    "RuleName": "EXE",
                                    "CreationUtcTime": "1684859627",
                                    "UtcTime": "1684859627",
                                    "ProcessGuid": "{C784477D-EAE8-646C-4F06-000000003400}",
                                    "Image": "C:\\Windows\\SysWOW64\\7za.exe"
                                }
                            },
                            {
                                "values": {
                                    "EventID": "11",
                                    "ProcessId": "7452",
                                    "TargetFilename": "C:\\Users\\george\\AppData\\Local\\Temp\\tmlvs4ki.na3\\temp\\fontdrvhost.exe",
                                    "ProcessGuid": "{C784477D-EAE8-646C-4F06-000000003400}",
                                    "CreationUtcTime": "1684859627",
                                    "UtcTime": "1684859627",
                                    "RuleName": "EXE",
                                    "Image": "C:\\Windows\\SysWOW64\\7za.exe"
                                }
                            },
                            {
                                "values": {
                                    "EventID": "11",
                                    "ProcessId": "7452",
                                    "Image": "C:\\Windows\\SysWOW64\\7za.exe",
                                    "ProcessGuid": "{C784477D-EAE8-646C-4F06-000000003400}",
                                    "CreationUtcTime": "1684859627",
                                    "UtcTime": "1684859627",
                                    "RuleName": "EXE",
                                    "TargetFilename": "C:\\Users\\george\\AppData\\Local\\Temp\\tmlvs4ki.na3\\temp\\igfxCUIService.exe"
                                }
                            },
                            {
                                "values": {
                                    "EventID": "11",
                                    "ProcessId": "7452",
                                    "TargetFilename": "C:\\Users\\george\\AppData\\Local\\Temp\\tmlvs4ki.na3\\temp\\igfxEM.exe",
                                    "ProcessGuid": "{C784477D-EAE8-646C-4F06-000000003400}",
                                    "CreationUtcTime": "1684859627",
                                    "UtcTime": "1684859627",
                                    "RuleName": "EXE",
                                    "Image": "C:\\Windows\\SysWOW64\\7za.exe"
                                }
                            },
                            {
                                "values": {
                                    "EventID": "11",
                                    "ProcessId": "7452",
                                    "TargetFilename": "C:\\Users\\george\\AppData\\Local\\Temp\\tmlvs4ki.na3\\temp\\jhi_service.exe",
                                    "ProcessGuid": "{C784477D-EAE8-646C-4F06-000000003400}",
                                    "CreationUtcTime": "1684859627",
                                    "UtcTime": "1684859627",
                                    "RuleName": "EXE",
                                    "Image": "C:\\Windows\\SysWOW64\\7za.exe"
                                }
                            },
                            {
                                "values": {
                                    "EventID": "11",
                                    "ProcessId": "7452",
                                    "TargetFilename": "C:\\Users\\george\\AppData\\Local\\Temp\\tmlvs4ki.na3\\temp\\LockApp.exe",
                                    "ProcessGuid": "{C784477D-EAE8-646C-4F06-000000003400}",
                                    "CreationUtcTime": "1684859627",
                                    "UtcTime": "1684859627",
                                    "RuleName": "EXE",
                                    "Image": "C:\\Windows\\SysWOW64\\7za.exe"
                                }
                            },
                            {
                                "values": {
                                    "EventID": "11",
                                    "ProcessId": "7452",
                                    "Image": "C:\\Windows\\SysWOW64\\7za.exe",
                                    "ProcessGuid": "{C784477D-EAE8-646C-4F06-000000003400}",
                                    "CreationUtcTime": "1684859627",
                                    "UtcTime": "1684859627",
                                    "RuleName": "EXE",
                                    "TargetFilename": "C:\\Users\\george\\AppData\\Local\\Temp\\tmlvs4ki.na3\\temp\\msedge.exe"
                                }
                            },
                            {
                                "values": {
                                    "EventID": "11",
                                    "ProcessId": "7452",
                                    "Image": "C:\\Windows\\SysWOW64\\7za.exe",
                                    "ProcessGuid": "{C784477D-EAE8-646C-4F06-000000003400}",
                                    "CreationUtcTime": "1684859628",
                                    "UtcTime": "1684859628",
                                    "RuleName": "EXE",
                                    "TargetFilename": "C:\\Users\\george\\AppData\\Local\\Temp\\tmlvs4ki.na3\\temp\\msedgewebview2.exe"
                                }
                            },
                            {
                                "values": {
                                    "EventID": "11",
                                    "ProcessId": "7452",
                                    "Image": "C:\\Windows\\SysWOW64\\7za.exe",
                                    "ProcessGuid": "{C784477D-EAE8-646C-4F06-000000003400}",
                                    "CreationUtcTime": "1684859628",
                                    "UtcTime": "1684859628",
                                    "RuleName": "EXE",
                                    "TargetFilename": "C:\\Users\\george\\AppData\\Local\\Temp\\tmlvs4ki.na3\\temp\\msteams.exe"
                                }
                            },
                            {
                                "values": {
                                    "EventID": "11",
                                    "ProcessId": "7452",
                                    "TargetFilename": "C:\\Users\\george\\AppData\\Local\\Temp\\tmlvs4ki.na3\\temp\\nordsec-threatprotection-service.exe",
                                    "RuleName": "EXE",
                                    "CreationUtcTime": "1684859629",
                                    "UtcTime": "1684859629",
                                    "ProcessGuid": "{C784477D-EAE8-646C-4F06-000000003400}",
                                    "Image": "C:\\Windows\\SysWOW64\\7za.exe"
                                }
                            },
                            {
                                "values": {
                                    "EventID": "11",
                                    "ProcessId": "7452",
                                    "TargetFilename": "C:\\Users\\george\\AppData\\Local\\Temp\\tmlvs4ki.na3\\temp\\NordUpdateService.exe",
                                    "RuleName": "EXE",
                                    "CreationUtcTime": "1684859629",
                                    "UtcTime": "1684859629",
                                    "ProcessGuid": "{C784477D-EAE8-646C-4F06-000000003400}",
                                    "Image": "C:\\Windows\\SysWOW64\\7za.exe"
                                }
                            },
                            {
                                "values": {
                                    "EventID": "11",
                                    "ProcessId": "7452",
                                    "Image": "C:\\Windows\\SysWOW64\\7za.exe",
                                    "ProcessGuid": "{C784477D-EAE8-646C-4F06-000000003400}",
                                    "CreationUtcTime": "1684859629",
                                    "UtcTime": "1684859629",
                                    "RuleName": "EXE",
                                    "TargetFilename": "C:\\Users\\george\\AppData\\Local\\Temp\\tmlvs4ki.na3\\temp\\NordVPN.exe"
                                }
                            },
                            {
                                "values": {
                                    "EventID": "11",
                                    "ProcessId": "7452",
                                    "TargetFilename": "C:\\Users\\george\\AppData\\Local\\Temp\\tmlvs4ki.na3\\temp\\nordvpn-service.exe",
                                    "RuleName": "EXE",
                                    "CreationUtcTime": "1684859629",
                                    "UtcTime": "1684859629",
                                    "ProcessGuid": "{C784477D-EAE8-646C-4F06-000000003400}",
                                    "Image": "C:\\Windows\\SysWOW64\\7za.exe"
                                }
                            },
                            {
                                "values": {
                                    "EventID": "11",
                                    "ProcessId": "7452",
                                    "Image": "C:\\Windows\\SysWOW64\\7za.exe",
                                    "ProcessGuid": "{C784477D-EAE8-646C-4F06-000000003400}",
                                    "CreationUtcTime": "1684859629",
                                    "UtcTime": "1684859629",
                                    "RuleName": "EXE",
                                    "TargetFilename": "C:\\Users\\george\\AppData\\Local\\Temp\\tmlvs4ki.na3\\temp\\NVDisplay.Container.exe"
                                }
                            },
                            {
                                "values": {
                                    "EventID": "11",
                                    "ProcessId": "7452",
                                    "TargetFilename": "C:\\Users\\george\\AppData\\Local\\Temp\\tmlvs4ki.na3\\temp\\PowerShell_ISE.exe",
                                    "ProcessGuid": "{C784477D-EAE8-646C-4F06-000000003400}",
                                    "CreationUtcTime": "1684859629",
                                    "UtcTime": "1684859629",
                                    "RuleName": "EXE",
                                    "Image": "C:\\Windows\\SysWOW64\\7za.exe"
                                }
                            },
                            {
                                "values": {
                                    "EventID": "11",
                                    "ProcessId": "7452",
                                    "TargetFilename": "C:\\Users\\george\\AppData\\Local\\Temp\\tmlvs4ki.na3\\temp\\RstMwService.exe",
                                    "ProcessGuid": "{C784477D-EAE8-646C-4F06-000000003400}",
                                    "CreationUtcTime": "1684859629",
                                    "UtcTime": "1684859629",
                                    "RuleName": "EXE",
                                    "Image": "C:\\Windows\\SysWOW64\\7za.exe"
                                }
                            },
                            {
                                "values": {
                                    "EventID": "11",
                                    "ProcessId": "7452",
                                    "TargetFilename": "C:\\Users\\george\\AppData\\Local\\Temp\\tmlvs4ki.na3\\temp\\RuntimeBroker.exe",
                                    "ProcessGuid": "{C784477D-EAE8-646C-4F06-000000003400}",
                                    "CreationUtcTime": "1684859629",
                                    "UtcTime": "1684859629",
                                    "RuleName": "EXE",
                                    "Image": "C:\\Windows\\SysWOW64\\7za.exe"
                                }
                            },
                            {
                                "values": {
                                    "EventID": "11",
                                    "ProcessId": "7452",
                                    "Image": "C:\\Windows\\SysWOW64\\7za.exe",
                                    "ProcessGuid": "{C784477D-EAE8-646C-4F06-000000003400}",
                                    "CreationUtcTime": "1684859629",
                                    "UtcTime": "1684859629",
                                    "RuleName": "EXE",
                                    "TargetFilename": "C:\\Users\\george\\AppData\\Local\\Temp\\tmlvs4ki.na3\\temp\\SearchHost.exe"
                                }
                            },
                            {
                                "values": {
                                    "EventID": "11",
                                    "ProcessId": "7452",
                                    "TargetFilename": "C:\\Users\\george\\AppData\\Local\\Temp\\tmlvs4ki.na3\\temp\\SearchIndexer.exe",
                                    "RuleName": "EXE",
                                    "CreationUtcTime": "1684859629",
                                    "UtcTime": "1684859629",
                                    "ProcessGuid": "{C784477D-EAE8-646C-4F06-000000003400}",
                                    "Image": "C:\\Windows\\SysWOW64\\7za.exe"
                                }
                            },
                            {
                                "values": {
                                    "EventID": "11",
                                    "ProcessId": "7452",
                                    "TargetFilename": "C:\\Users\\george\\AppData\\Local\\Temp\\tmlvs4ki.na3\\temp\\SecurityHealthSystray.exe",
                                    "RuleName": "EXE",
                                    "CreationUtcTime": "1684859629",
                                    "UtcTime": "1684859629",
                                    "ProcessGuid": "{C784477D-EAE8-646C-4F06-000000003400}",
                                    "Image": "C:\\Windows\\SysWOW64\\7za.exe"
                                }
                            },
                            {
                                "values": {
                                    "EventID": "11",
                                    "ProcessId": "7452",
                                    "TargetFilename": "C:\\Users\\george\\AppData\\Local\\Temp\\tmlvs4ki.na3\\temp\\sihost.exe",
                                    "ProcessGuid": "{C784477D-EAE8-646C-4F06-000000003400}",
                                    "CreationUtcTime": "1684859629",
                                    "UtcTime": "1684859629",
                                    "RuleName": "EXE",
                                    "Image": "C:\\Windows\\SysWOW64\\7za.exe"
                                }
                            },
                            {
                                "values": {
                                    "EventID": "11",
                                    "ProcessId": "7452",
                                    "TargetFilename": "C:\\Users\\george\\AppData\\Local\\Temp\\tmlvs4ki.na3\\temp\\spoolsv.exe",
                                    "RuleName": "EXE",
                                    "CreationUtcTime": "1684859629",
                                    "UtcTime": "1684859629",
                                    "ProcessGuid": "{C784477D-EAE8-646C-4F06-000000003400}",
                                    "Image": "C:\\Windows\\SysWOW64\\7za.exe"
                                }
                            },
                            {
                                "values": {
                                    "EventID": "11",
                                    "ProcessId": "7452",
                                    "TargetFilename": "C:\\Users\\george\\AppData\\Local\\Temp\\tmlvs4ki.na3\\temp\\svchost.exe",
                                    "ProcessGuid": "{C784477D-EAE8-646C-4F06-000000003400}",
                                    "CreationUtcTime": "1684859629",
                                    "UtcTime": "1684859629",
                                    "RuleName": "EXE",
                                    "Image": "C:\\Windows\\SysWOW64\\7za.exe"
                                }
                            },
                            {
                                "values": {
                                    "EventID": "11",
                                    "ProcessId": "7452",
                                    "Image": "C:\\Windows\\SysWOW64\\7za.exe",
                                    "ProcessGuid": "{C784477D-EAE8-646C-4F06-000000003400}",
                                    "CreationUtcTime": "1684859629",
                                    "UtcTime": "1684859629",
                                    "RuleName": "EXE",
                                    "TargetFilename": "C:\\Users\\george\\AppData\\Local\\Temp\\tmlvs4ki.na3\\temp\\SystemSettings.exe"
                                }
                            },
                            {
                                "values": {
                                    "EventID": "11",
                                    "ProcessId": "7452",
                                    "TargetFilename": "C:\\Users\\george\\AppData\\Local\\Temp\\tmlvs4ki.na3\\temp\\taskhostw.exe",
                                    "RuleName": "EXE",
                                    "CreationUtcTime": "1684859630",
                                    "UtcTime": "1684859630",
                                    "ProcessGuid": "{C784477D-EAE8-646C-4F06-000000003400}",
                                    "Image": "C:\\Windows\\SysWOW64\\7za.exe"
                                }
                            },
                            {
                                "values": {
                                    "EventID": "11",
                                    "ProcessId": "7452",
                                    "TargetFilename": "C:\\Users\\george\\AppData\\Local\\Temp\\tmlvs4ki.na3\\temp\\Telegram.exe",
                                    "ProcessGuid": "{C784477D-EAE8-646C-4F06-000000003400}",
                                    "CreationUtcTime": "1684859630",
                                    "UtcTime": "1684859630",
                                    "RuleName": "EXE",
                                    "Image": "C:\\Windows\\SysWOW64\\7za.exe"
                                }
                            },
                            {
                                "values": {
                                    "EventID": "11",
                                    "ProcessId": "7452",
                                    "TargetFilename": "C:\\Users\\george\\AppData\\Local\\Temp\\tmlvs4ki.na3\\temp\\TextInputHost.exe",
                                    "ProcessGuid": "{C784477D-EAE8-646C-4F06-000000003400}",
                                    "CreationUtcTime": "1684859636",
                                    "UtcTime": "1684859636",
                                    "RuleName": "EXE",
                                    "Image": "C:\\Windows\\SysWOW64\\7za.exe"
                                }
                            },
                            {
                                "values": {
                                    "EventID": "11",
                                    "ProcessId": "7452",
                                    "TargetFilename": "C:\\Users\\george\\AppData\\Local\\Temp\\tmlvs4ki.na3\\temp\\UserOOBEBroker.exe",
                                    "ProcessGuid": "{C784477D-EAE8-646C-4F06-000000003400}",
                                    "CreationUtcTime": "1684859636",
                                    "UtcTime": "1684859636",
                                    "RuleName": "EXE",
                                    "Image": "C:\\Windows\\SysWOW64\\7za.exe"
                                }
                            },
                            {
                                "values": {
                                    "EventID": "11",
                                    "ProcessId": "7452",
                                    "Image": "C:\\Windows\\SysWOW64\\7za.exe",
                                    "RuleName": "EXE",
                                    "CreationUtcTime": "1684859636",
                                    "UtcTime": "1684859636",
                                    "ProcessGuid": "{C784477D-EAE8-646C-4F06-000000003400}",
                                    "TargetFilename": "C:\\Users\\george\\AppData\\Local\\Temp\\tmlvs4ki.na3\\temp\\winlogon.exe"
                                }
                            },
                            {
                                "values": {
                                    "EventID": "11",
                                    "ProcessId": "7452",
                                    "TargetFilename": "C:\\Users\\george\\AppData\\Local\\Temp\\tmlvs4ki.na3\\temp\\WLANExt.exe",
                                    "ProcessGuid": "{C784477D-EAE8-646C-4F06-000000003400}",
                                    "CreationUtcTime": "1684859636",
                                    "UtcTime": "1684859636",
                                    "RuleName": "EXE",
                                    "Image": "C:\\Windows\\SysWOW64\\7za.exe"
                                }
                            },
